<?xml version="1.0" encoding="UTF-8"?>
<testsuite xmlns:xsi="http://www.w3.org/2001/XMLSchema-instance" xsi:noNamespaceSchemaLocation="https://maven.apache.org/surefire/maven-surefire-plugin/xsd/surefire-test-report.xsd" name="uk.ac.ed.inf.AppTest" time="1.239" tests="21" errors="5" skipped="0" failures="0">
  <properties>
[...]
</properties>
  <testcase name="testCloseToFalse" classname="uk.ac.ed.inf.AppTest" time="0.006"/>
  <testcase name="testAngle20" classname="uk.ac.ed.inf.AppTest" time="0"/>
  <testcase name="testAngle50" classname="uk.ac.ed.inf.AppTest" time="0.001"/>
  <testcase name="testAngle90" classname="uk.ac.ed.inf.AppTest" time="0"/>
  <testcase name="testCloseToTrue" classname="uk.ac.ed.inf.AppTest" time="0"/>
  <testcase name="testMenusFourA" classname="uk.ac.ed.inf.AppTest" time="1.017">
    <error message="unsupported URI http://localhost:null/menus/menus.json" type="java.lang.IllegalArgumentException">java.lang.IllegalArgumentException: unsupported URI http://localhost:null/menus/menus.json
	at uk.ac.ed.inf.AppTest.testMenusFourA(AppTest.java:169)
</error>
  </testcase>
  <testcase name="testMenusFourB" classname="uk.ac.ed.inf.AppTest" time="0">
    <error message="unsupported URI http://localhost:null/menus/menus.json" type="java.lang.IllegalArgumentException">java.lang.IllegalArgumentException: unsupported URI http://localhost:null/menus/menus.json
	at uk.ac.ed.inf.AppTest.testMenusFourB(AppTest.java:183)
</error>
  </testcase>
  <testcase name="testMenusThree" classname="uk.ac.ed.inf.AppTest" time="0.002">
    <error message="unsupported URI http://localhost:null/menus/menus.json" type="java.lang.IllegalArgumentException">java.lang.IllegalArgumentException: unsupported URI http://localhost:null/menus/menus.json
	at uk.ac.ed.inf.AppTest.testMenusThree(AppTest.java:156)
</error>
  </testcase>
  <testcase name="testAngle140" classname="uk.ac.ed.inf.AppTest" time="0"/>
  <testcase name="testAngle190" classname="uk.ac.ed.inf.AppTest" time="0"/>
  <testcase name="testAngle260" classname="uk.ac.ed.inf.AppTest" time="0"/>
  <testcase name="testAngle300" classname="uk.ac.ed.inf.AppTest" time="0.001"/>
  <testcase name="testAngle350" classname="uk.ac.ed.inf.AppTest" time="0.001"/>
  <testcase name="testAngle999" classname="uk.ac.ed.inf.AppTest" time="0"/>
  <testcase name="testMenusOne" classname="uk.ac.ed.inf.AppTest" time="0.002">
    <error message="unsupported URI http://localhost:null/menus/menus.json" type="java.lang.IllegalArgumentException">java.lang.IllegalArgumentException: unsupported URI http://localhost:null/menus/menus.json
	at uk.ac.ed.inf.AppTest.testMenusOne(AppTest.java:133)
</error>
  </testcase>
  <testcase name="testMenusTwo" classname="uk.ac.ed.inf.AppTest" time="0.002">
    <error message="unsupported URI http://localhost:null/menus/menus.json" type="java.lang.IllegalArgumentException">java.lang.IllegalArgumentException: unsupported URI http://localhost:null/menus/menus.json
	at uk.ac.ed.inf.AppTest.testMenusTwo(AppTest.java:144)
</error>
  </testcase>
  <testcase name="testAngle0" classname="uk.ac.ed.inf.AppTest" time="0"/>
  <testcase name="testIsConfinedFalse" classname="uk.ac.ed.inf.AppTest" time="0"/>
  <testcase name="testIsConfinedTrueA" classname="uk.ac.ed.inf.AppTest" time="0"/>
  <testcase name="testIsConfinedTrueB" classname="uk.ac.ed.inf.AppTest" time="0"/>
  <testcase name="testDistanceTo" classname="uk.ac.ed.inf.AppTest" time="0"/>
</testsuite>